Determining if the pthread_create exist failed with the following output:
Change Dir: /home/jimmy/Documents/Research/CLA/cla_ws/build/CMakeFiles/CMakeTmp

Run Build Command:"/usr/bin/make" "cmTC_8a9f5/fast"
/usr/bin/make -f CMakeFiles/cmTC_8a9f5.dir/build.make CMakeFiles/cmTC_8a9f5.dir/build
make[1]: Entering directory '/home/jimmy/Documents/Research/CLA/cla_ws/build/CMakeFiles/CMakeTmp'
Building C object CMakeFiles/cmTC_8a9f5.dir/CheckSymbolExists.c.o
/usr/bin/cc    -o CMakeFiles/cmTC_8a9f5.dir/CheckSymbolExists.c.o   -c /home/jimmy/Documents/Research/CLA/cla_ws/build/CMakeFiles/CMakeTmp/CheckSymbolExists.c
Linking C executable cmTC_8a9f5
/usr/bin/cmake -E cmake_link_script CMakeFiles/cmTC_8a9f5.dir/link.txt --verbose=1
/usr/bin/cc      -rdynamic CMakeFiles/cmTC_8a9f5.dir/CheckSymbolExists.c.o  -o cmTC_8a9f5 
CMakeFiles/cmTC_8a9f5.dir/CheckSymbolExists.c.o: In function `main':
CheckSymbolExists.c:(.text+0x1b): undefined reference to `pthread_create'
collect2: error: ld returned 1 exit status
CMakeFiles/cmTC_8a9f5.dir/build.make:97: recipe for target 'cmTC_8a9f5' failed
make[1]: *** [cmTC_8a9f5] Error 1
make[1]: Leaving directory '/home/jimmy/Documents/Research/CLA/cla_ws/build/CMakeFiles/CMakeTmp'
Makefile:126: recipe for target 'cmTC_8a9f5/fast' failed
make: *** [cmTC_8a9f5/fast] Error 2

File /home/jimmy/Documents/Research/CLA/cla_ws/build/CMakeFiles/CMakeTmp/CheckSymbolExists.c:
/* */
#include <pthread.h>

int main(int argc, char** argv)
{
  (void)argv;
#ifndef pthread_create
  return ((int*)(&pthread_create))[argc];
#else
  (void)argc;
  return 0;
#endif
}

Determining if the function pthread_create exists in the pthreads failed with the following output:
Change Dir: /home/jimmy/Documents/Research/CLA/cla_ws/build/CMakeFiles/CMakeTmp

Run Build Command:"/usr/bin/make" "cmTC_9bdbd/fast"
/usr/bin/make -f CMakeFiles/cmTC_9bdbd.dir/build.make CMakeFiles/cmTC_9bdbd.dir/build
make[1]: Entering directory '/home/jimmy/Documents/Research/CLA/cla_ws/build/CMakeFiles/CMakeTmp'
Building C object CMakeFiles/cmTC_9bdbd.dir/CheckFunctionExists.c.o
/usr/bin/cc   -DCHECK_FUNCTION_EXISTS=pthread_create   -o CMakeFiles/cmTC_9bdbd.dir/CheckFunctionExists.c.o   -c /usr/share/cmake-3.10/Modules/CheckFunctionExists.c
Linking C executable cmTC_9bdbd
/usr/bin/cmake -E cmake_link_script CMakeFiles/cmTC_9bdbd.dir/link.txt --verbose=1
/usr/bin/cc  -DCHECK_FUNCTION_EXISTS=pthread_create    -rdynamic CMakeFiles/cmTC_9bdbd.dir/CheckFunctionExists.c.o  -o cmTC_9bdbd -lpthreads 
/usr/bin/ld: cannot find -lpthreads
collect2: error: ld returned 1 exit status
CMakeFiles/cmTC_9bdbd.dir/build.make:97: recipe for target 'cmTC_9bdbd' failed
make[1]: *** [cmTC_9bdbd] Error 1
make[1]: Leaving directory '/home/jimmy/Documents/Research/CLA/cla_ws/build/CMakeFiles/CMakeTmp'
Makefile:126: recipe for target 'cmTC_9bdbd/fast' failed
make: *** [cmTC_9bdbd/fast] Error 2


Performing C SOURCE FILE Test CMAKE_HAVE_LIBC_PTHREAD failed with the following output:
Change Dir: /home/jimmy/Documents/Research/CLA/cla_ws/build/CMakeFiles/CMakeTmp

Run Build Command(s):/usr/bin/make cmTC_662ac/fast && /usr/bin/make  -f CMakeFiles/cmTC_662ac.dir/build.make CMakeFiles/cmTC_662ac.dir/build
make[1]: Entering directory '/home/jimmy/Documents/Research/CLA/cla_ws/build/CMakeFiles/CMakeTmp'
Building C object CMakeFiles/cmTC_662ac.dir/src.c.o
/usr/bin/cc -DCMAKE_HAVE_LIBC_PTHREAD   -o CMakeFiles/cmTC_662ac.dir/src.c.o -c /home/jimmy/Documents/Research/CLA/cla_ws/build/CMakeFiles/CMakeTmp/src.c
Linking C executable cmTC_662ac
/usr/local/bin/cmake -E cmake_link_script CMakeFiles/cmTC_662ac.dir/link.txt --verbose=1
/usr/bin/cc -rdynamic CMakeFiles/cmTC_662ac.dir/src.c.o -o cmTC_662ac 
CMakeFiles/cmTC_662ac.dir/src.c.o: In function `main':
src.c:(.text+0x3e): undefined reference to `pthread_create'
src.c:(.text+0x4a): undefined reference to `pthread_detach'
src.c:(.text+0x56): undefined reference to `pthread_cancel'
src.c:(.text+0x67): undefined reference to `pthread_join'
src.c:(.text+0x7b): undefined reference to `pthread_atfork'
collect2: error: ld returned 1 exit status
CMakeFiles/cmTC_662ac.dir/build.make:105: recipe for target 'cmTC_662ac' failed
make[1]: *** [cmTC_662ac] Error 1
make[1]: Leaving directory '/home/jimmy/Documents/Research/CLA/cla_ws/build/CMakeFiles/CMakeTmp'
Makefile:140: recipe for target 'cmTC_662ac/fast' failed
make: *** [cmTC_662ac/fast] Error 2


Source file was:
#include <pthread.h>

static void* test_func(void* data)
{
  return data;
}

int main(void)
{
  pthread_t thread;
  pthread_create(&thread, NULL, test_func, NULL);
  pthread_detach(thread);
  pthread_cancel(thread);
  pthread_join(thread, NULL);
  pthread_atfork(NULL, NULL, NULL);
  pthread_exit(NULL);

  return 0;
}

